[2026-03-03 23:16:33] INFO: Authorizing with Google APIs…
[2026-03-03 23:16:33] INFO: Google services ready
[2026-03-03 23:16:33] INFO: Finding latest incoming spreadsheet…
[2026-03-03 23:16:34] INFO: Latest incoming: Testing Sales Report - Week 5 (1kNjmEbljdUIqJUjwh8e2-plfLWRZSGHxMHxL50-2ce4)
[2026-03-03 23:16:34] INFO: Preparing calculations workbook…
[2026-03-03 23:16:42] INFO: Copied old 'Current Week' to 'Last Week'
[2026-03-03 23:16:50] INFO: Inserted new 'Current Week' from latest incoming report
[2026-03-03 23:16:50] INFO: Refreshing reference sheets (prefix 'REFR: ')…
[2026-03-03 23:17:17] INFO: [1/3] Recalc OK: REFR: Charts
[2026-03-03 23:17:22] INFO: [2/3] Recalc OK: REFR: Values
[2026-03-03 23:18:15] INFO: [3/3] Recalc OK: REFR: Order Calcs
[2026-03-03 23:18:17] INFO: Location: Favtrip_Independence; Timestamp: 2026-03-03-11-18-PM
[2026-03-03 23:18:17] INFO: Exporting Manager Report (PDF)…
[2026-03-03 23:18:21] INFO: Uploaded Manager PDF: https://drive.google.com/file/d/1UILYk_poamIwe6JrFQUGZIz9az9iBsdU/view?usp=drivesdk
[2026-03-03 23:18:21] INFO: Exporting Master Order (CSV)…
[2026-03-03 23:18:34] INFO: Uploaded FULL sheet: https://docs.google.com/spreadsheets/d/1bOcle5eMseFc43TZMnXLqgHR7_DcPs13ntb6PSBians/edit?usp=drivesdk
[2026-03-03 23:18:42] INFO: Emailed COFFEE
[2026-03-03 23:18:43] INFO: Manager email sent
[2026-03-03 23:18:43] INFO: Separate full order email disabled
[2026-03-03 23:18:43] INFO: Run completed in 00:02:09
